<?xml version="1.0" encoding="UTF-8"?>
<testng-results ignored="0" total="3" passed="3" failed="0" skipped="0">
  <reporter-output>
  </reporter-output>
  <suite started-at="2022-11-19T19:46:02 IST" name="Suite" finished-at="2022-11-19T19:46:28 IST" duration-ms="25627">
    <groups>
    </groups>
    <test started-at="2022-11-19T19:46:02 IST" name="TestFirefox" finished-at="2022-11-19T19:46:14 IST" duration-ms="12005">
      <class name="com.cross.browser.test.MultiBrowser">
        <test-method is-config="true" signature="beforeTest(java.lang.String)[pri:0, instance:com.cross.browser.test.MultiBrowser@6e171cd7]" started-at="2022-11-19T19:46:02 IST" name="beforeTest" finished-at="2022-11-19T19:46:11 IST" duration-ms="8607" status="PASS">
          <params>
            <param index="0">
              <value>
                <![CDATA[firefox]]>
              </value>
            </param>
          </params>
          <reporter-output>
          </reporter-output>
        </test-method> <!-- beforeTest -->
        <test-method signature="login()[pri:0, instance:com.cross.browser.test.MultiBrowser@6e171cd7]" started-at="2022-11-19T19:46:11 IST" name="login" finished-at="2022-11-19T19:46:12 IST" duration-ms="1184" status="PASS">
          <reporter-output>
          </reporter-output>
        </test-method> <!-- login -->
        <test-method is-config="true" signature="afterTest()[pri:0, instance:com.cross.browser.test.MultiBrowser@6e171cd7]" started-at="2022-11-19T19:46:12 IST" name="afterTest" finished-at="2022-11-19T19:46:14 IST" duration-ms="2157" status="PASS">
          <reporter-output>
          </reporter-output>
        </test-method> <!-- afterTest -->
      </class> <!-- com.cross.browser.test.MultiBrowser -->
    </test> <!-- TestFirefox -->
    <test started-at="2022-11-19T19:46:14 IST" name="TestChrome" finished-at="2022-11-19T19:46:19 IST" duration-ms="5021">
      <class name="com.cross.browser.test.MultiBrowser">
        <test-method is-config="true" signature="beforeTest(java.lang.String)[pri:0, instance:com.cross.browser.test.MultiBrowser@6b81ce95]" started-at="2022-11-19T19:46:14 IST" name="beforeTest" finished-at="2022-11-19T19:46:19 IST" duration-ms="4686" status="PASS">
          <params>
            <param index="0">
              <value>
                <![CDATA[chrome]]>
              </value>
            </param>
          </params>
          <reporter-output>
          </reporter-output>
        </test-method> <!-- beforeTest -->
        <test-method signature="login()[pri:0, instance:com.cross.browser.test.MultiBrowser@6b81ce95]" started-at="2022-11-19T19:46:19 IST" name="login" finished-at="2022-11-19T19:46:19 IST" duration-ms="79" status="PASS">
          <reporter-output>
          </reporter-output>
        </test-method> <!-- login -->
        <test-method is-config="true" signature="afterTest()[pri:0, instance:com.cross.browser.test.MultiBrowser@6b81ce95]" started-at="2022-11-19T19:46:19 IST" name="afterTest" finished-at="2022-11-19T19:46:19 IST" duration-ms="251" status="PASS">
          <reporter-output>
          </reporter-output>
        </test-method> <!-- afterTest -->
      </class> <!-- com.cross.browser.test.MultiBrowser -->
    </test> <!-- TestChrome -->
    <test started-at="2022-11-19T19:46:19 IST" name="TestEdge" finished-at="2022-11-19T19:46:28 IST" duration-ms="8500">
      <class name="com.cross.browser.test.MultiBrowser">
        <test-method is-config="true" signature="beforeTest(java.lang.String)[pri:0, instance:com.cross.browser.test.MultiBrowser@515aebb0]" started-at="2022-11-19T19:46:19 IST" name="beforeTest" finished-at="2022-11-19T19:46:28 IST" duration-ms="8092" status="PASS">
          <params>
            <param index="0">
              <value>
                <![CDATA[Edge]]>
              </value>
            </param>
          </params>
          <reporter-output>
          </reporter-output>
        </test-method> <!-- beforeTest -->
        <test-method signature="login()[pri:0, instance:com.cross.browser.test.MultiBrowser@515aebb0]" started-at="2022-11-19T19:46:28 IST" name="login" finished-at="2022-11-19T19:46:28 IST" duration-ms="80" status="PASS">
          <reporter-output>
          </reporter-output>
        </test-method> <!-- login -->
        <test-method is-config="true" signature="afterTest()[pri:0, instance:com.cross.browser.test.MultiBrowser@515aebb0]" started-at="2022-11-19T19:46:28 IST" name="afterTest" finished-at="2022-11-19T19:46:28 IST" duration-ms="319" status="PASS">
          <reporter-output>
          </reporter-output>
        </test-method> <!-- afterTest -->
      </class> <!-- com.cross.browser.test.MultiBrowser -->
    </test> <!-- TestEdge -->
  </suite> <!-- Suite -->
</testng-results>
