<?xml version="1.0" encoding="UTF-8"?>
<testng-results ignored="0" total="3" passed="3" failed="0" skipped="0">
  <reporter-output>
  </reporter-output>
  <suite started-at="2023-01-03T21:24:14 IST" name="Suite" finished-at="2023-01-03T21:24:41 IST" duration-ms="26708">
    <groups>
    </groups>
    <test started-at="2023-01-03T21:24:14 IST" name="TestFirefox" finished-at="2023-01-03T21:24:27 IST" duration-ms="13090">
      <class name="com.cross.browser.test.MultiBrowser">
        <test-method is-config="true" signature="beforeTest(java.lang.String)[pri:0, instance:com.cross.browser.test.MultiBrowser@6e171cd7]" started-at="2023-01-03T21:24:14 IST" name="beforeTest" finished-at="2023-01-03T21:24:23 IST" duration-ms="9235" status="PASS">
          <params>
            <param index="0">
              <value>
                <![CDATA[firefox]]>
              </value>
            </param>
          </params>
          <reporter-output>
          </reporter-output>
        </test-method> <!-- beforeTest -->
        <test-method signature="login()[pri:0, instance:com.cross.browser.test.MultiBrowser@6e171cd7]" started-at="2023-01-03T21:24:23 IST" name="login" finished-at="2023-01-03T21:24:25 IST" duration-ms="1432" status="PASS">
          <reporter-output>
          </reporter-output>
        </test-method> <!-- login -->
        <test-method is-config="true" signature="afterTest()[pri:0, instance:com.cross.browser.test.MultiBrowser@6e171cd7]" started-at="2023-01-03T21:24:25 IST" name="afterTest" finished-at="2023-01-03T21:24:27 IST" duration-ms="2377" status="PASS">
          <reporter-output>
          </reporter-output>
        </test-method> <!-- afterTest -->
      </class> <!-- com.cross.browser.test.MultiBrowser -->
    </test> <!-- TestFirefox -->
    <test started-at="2023-01-03T21:24:27 IST" name="TestChrome" finished-at="2023-01-03T21:24:33 IST" duration-ms="6049">
      <class name="com.cross.browser.test.MultiBrowser">
        <test-method is-config="true" signature="beforeTest(java.lang.String)[pri:0, instance:com.cross.browser.test.MultiBrowser@6b81ce95]" started-at="2023-01-03T21:24:27 IST" name="beforeTest" finished-at="2023-01-03T21:24:33 IST" duration-ms="5698" status="PASS">
          <params>
            <param index="0">
              <value>
                <![CDATA[chrome]]>
              </value>
            </param>
          </params>
          <reporter-output>
          </reporter-output>
        </test-method> <!-- beforeTest -->
        <test-method signature="login()[pri:0, instance:com.cross.browser.test.MultiBrowser@6b81ce95]" started-at="2023-01-03T21:24:33 IST" name="login" finished-at="2023-01-03T21:24:33 IST" duration-ms="84" status="PASS">
          <reporter-output>
          </reporter-output>
        </test-method> <!-- login -->
        <test-method is-config="true" signature="afterTest()[pri:0, instance:com.cross.browser.test.MultiBrowser@6b81ce95]" started-at="2023-01-03T21:24:33 IST" name="afterTest" finished-at="2023-01-03T21:24:33 IST" duration-ms="261" status="PASS">
          <reporter-output>
          </reporter-output>
        </test-method> <!-- afterTest -->
      </class> <!-- com.cross.browser.test.MultiBrowser -->
    </test> <!-- TestChrome -->
    <test started-at="2023-01-03T21:24:33 IST" name="TestEdge" finished-at="2023-01-03T21:24:41 IST" duration-ms="7472">
      <class name="com.cross.browser.test.MultiBrowser">
        <test-method is-config="true" signature="beforeTest(java.lang.String)[pri:0, instance:com.cross.browser.test.MultiBrowser@515aebb0]" started-at="2023-01-03T21:24:33 IST" name="beforeTest" finished-at="2023-01-03T21:24:40 IST" duration-ms="7058" status="PASS">
          <params>
            <param index="0">
              <value>
                <![CDATA[Edge]]>
              </value>
            </param>
          </params>
          <reporter-output>
          </reporter-output>
        </test-method> <!-- beforeTest -->
        <test-method signature="login()[pri:0, instance:com.cross.browser.test.MultiBrowser@515aebb0]" started-at="2023-01-03T21:24:40 IST" name="login" finished-at="2023-01-03T21:24:40 IST" duration-ms="101" status="PASS">
          <reporter-output>
          </reporter-output>
        </test-method> <!-- login -->
        <test-method is-config="true" signature="afterTest()[pri:0, instance:com.cross.browser.test.MultiBrowser@515aebb0]" started-at="2023-01-03T21:24:40 IST" name="afterTest" finished-at="2023-01-03T21:24:41 IST" duration-ms="308" status="PASS">
          <reporter-output>
          </reporter-output>
        </test-method> <!-- afterTest -->
      </class> <!-- com.cross.browser.test.MultiBrowser -->
    </test> <!-- TestEdge -->
  </suite> <!-- Suite -->
</testng-results>
